<?xml version="1.0" encoding="UTF-8"?>
<testng-results ignored="0" total="2" passed="2" failed="0" skipped="0">
  <reporter-output>
  </reporter-output>
  <suite started-at="2024-12-30T15:42:01 IST" name="master" finished-at="2024-12-30T15:42:29 IST" duration-ms="28280">
    <groups>
      <group name="Regression">
        <method signature="TCOO2_ValidLoginCredentials.validLogin()[pri:0, instance:testCases.TCOO2_ValidLoginCredentials@416c58f5]" name="validLogin" class="testCases.TCOO2_ValidLoginCredentials"/>
      </group> <!-- Regression -->
      <group name="sanity">
        <method signature="TC001_AcountRegistration.test()[pri:0, instance:testCases.TC001_AcountRegistration@6cce16f4]" name="test" class="testCases.TC001_AcountRegistration"/>
      </group> <!-- sanity -->
      <group name="master">
        <method signature="TC001_AcountRegistration.test()[pri:0, instance:testCases.TC001_AcountRegistration@6cce16f4]" name="test" class="testCases.TC001_AcountRegistration"/>
        <method signature="TCOO2_ValidLoginCredentials.validLogin()[pri:0, instance:testCases.TCOO2_ValidLoginCredentials@416c58f5]" name="validLogin" class="testCases.TCOO2_ValidLoginCredentials"/>
      </group> <!-- master -->
    </groups>
    <test started-at="2024-12-30T15:42:01 IST" name="Test" finished-at="2024-12-30T15:42:29 IST" duration-ms="28280">
      <class name="testCases.TC001_AcountRegistration">
        <test-method is-config="true" signature="setup(java.lang.String,java.lang.String)[pri:0, instance:testCases.TC001_AcountRegistration@6cce16f4]" started-at="2024-12-30T15:42:01 IST" name="setup" finished-at="2024-12-30T15:42:13 IST" duration-ms="11248" status="PASS">
          <params>
            <param index="0">
              <value>
                <![CDATA[windows]]>
              </value>
            </param>
            <param index="1">
              <value>
                <![CDATA[chrome]]>
              </value>
            </param>
          </params>
          <reporter-output>
          </reporter-output>
        </test-method> <!-- setup -->
        <test-method signature="test()[pri:0, instance:testCases.TC001_AcountRegistration@6cce16f4]" started-at="2024-12-30T15:42:13 IST" name="test" finished-at="2024-12-30T15:42:16 IST" duration-ms="3344" status="PASS">
          <reporter-output>
          </reporter-output>
        </test-method> <!-- test -->
        <test-method is-config="true" signature="tearDown()[pri:0, instance:testCases.TC001_AcountRegistration@6cce16f4]" started-at="2024-12-30T15:42:16 IST" name="tearDown" finished-at="2024-12-30T15:42:17 IST" duration-ms="1007" status="PASS">
          <reporter-output>
          </reporter-output>
        </test-method> <!-- tearDown -->
      </class> <!-- testCases.TC001_AcountRegistration -->
      <class name="testCases.TCOO2_ValidLoginCredentials">
        <test-method is-config="true" signature="setup(java.lang.String,java.lang.String)[pri:0, instance:testCases.TCOO2_ValidLoginCredentials@416c58f5]" started-at="2024-12-30T15:42:17 IST" name="setup" finished-at="2024-12-30T15:42:27 IST" duration-ms="10035" status="PASS">
          <params>
            <param index="0">
              <value>
                <![CDATA[windows]]>
              </value>
            </param>
            <param index="1">
              <value>
                <![CDATA[chrome]]>
              </value>
            </param>
          </params>
          <reporter-output>
          </reporter-output>
        </test-method> <!-- setup -->
        <test-method signature="validLogin()[pri:0, instance:testCases.TCOO2_ValidLoginCredentials@416c58f5]" started-at="2024-12-30T15:42:27 IST" name="validLogin" finished-at="2024-12-30T15:42:29 IST" duration-ms="1959" status="PASS">
          <reporter-output>
          </reporter-output>
        </test-method> <!-- validLogin -->
        <test-method is-config="true" signature="tearDown()[pri:0, instance:testCases.TCOO2_ValidLoginCredentials@416c58f5]" started-at="2024-12-30T15:42:29 IST" name="tearDown" finished-at="2024-12-30T15:42:29 IST" duration-ms="356" status="PASS">
          <reporter-output>
          </reporter-output>
        </test-method> <!-- tearDown -->
      </class> <!-- testCases.TCOO2_ValidLoginCredentials -->
    </test> <!-- Test -->
  </suite> <!-- master -->
</testng-results>
