<?xml version="1.0" encoding="UTF-8"?>
<testng-results ignored="0" total="5" passed="5" failed="0" skipped="0">
  <reporter-output>
  </reporter-output>
  <suite started-at="2024-12-29T18:32:09 IST" name="master" finished-at="2024-12-29T18:33:09 IST" duration-ms="60290">
    <groups>
    </groups>
    <test started-at="2024-12-29T18:32:09 IST" name="Test" finished-at="2024-12-29T18:33:09 IST" duration-ms="60290">
      <class name="testCases.TC003__DDTTest">
        <test-method is-config="true" signature="setup(java.lang.String,java.lang.String)[pri:0, instance:testCases.TC003__DDTTest@6138e79a]" started-at="2024-12-29T18:32:09 IST" name="setup" finished-at="2024-12-29T18:32:28 IST" duration-ms="18841" status="PASS">
          <params>
            <param index="0">
              <value>
                <![CDATA[windows]]>
              </value>
            </param>
            <param index="1">
              <value>
                <![CDATA[chrome]]>
              </value>
            </param>
          </params>
          <reporter-output>
          </reporter-output>
        </test-method> <!-- setup -->
        <test-method signature="loginDemo(java.lang.String,java.lang.String,java.lang.String)[pri:0, instance:testCases.TC003__DDTTest@6138e79a]" started-at="2024-12-29T18:32:37 IST" name="loginDemo" data-provider="LoginData" finished-at="2024-12-29T18:32:41 IST" duration-ms="3795" status="PASS">
          <params>
            <param index="0">
              <value>
                <![CDATA[srinu123@gmail.com]]>
              </value>
            </param>
            <param index="1">
              <value>
                <![CDATA[srinu123@gmail.com]]>
              </value>
            </param>
            <param index="2">
              <value>
                <![CDATA[valid]]>
              </value>
            </param>
          </params>
          <reporter-output>
          </reporter-output>
        </test-method> <!-- loginDemo -->
        <test-method signature="loginDemo(java.lang.String,java.lang.String,java.lang.String)[pri:0, instance:testCases.TC003__DDTTest@6138e79a]" started-at="2024-12-29T18:32:41 IST" name="loginDemo" data-provider="LoginData" finished-at="2024-12-29T18:32:53 IST" duration-ms="11573" status="PASS">
          <params>
            <param index="0">
              <value>
                <![CDATA[lakshmi@yahoo.com]]>
              </value>
            </param>
            <param index="1">
              <value>
                <![CDATA[laxmi]]>
              </value>
            </param>
            <param index="2">
              <value>
                <![CDATA[invalid]]>
              </value>
            </param>
          </params>
          <reporter-output>
          </reporter-output>
        </test-method> <!-- loginDemo -->
        <test-method signature="loginDemo(java.lang.String,java.lang.String,java.lang.String)[pri:0, instance:testCases.TC003__DDTTest@6138e79a]" started-at="2024-12-29T18:32:53 IST" name="loginDemo" data-provider="LoginData" finished-at="2024-12-29T18:32:55 IST" duration-ms="1914" status="PASS">
          <params>
            <param index="0">
              <value>
                <![CDATA[laksh@yahoo.com]]>
              </value>
            </param>
            <param index="1">
              <value>
                <![CDATA[Lakshmi]]>
              </value>
            </param>
            <param index="2">
              <value>
                <![CDATA[valid]]>
              </value>
            </param>
          </params>
          <reporter-output>
          </reporter-output>
        </test-method> <!-- loginDemo -->
        <test-method signature="loginDemo(java.lang.String,java.lang.String,java.lang.String)[pri:0, instance:testCases.TC003__DDTTest@6138e79a]" started-at="2024-12-29T18:32:55 IST" name="loginDemo" data-provider="LoginData" finished-at="2024-12-29T18:33:06 IST" duration-ms="11491" status="PASS">
          <params>
            <param index="0">
              <value>
                <![CDATA[laks@yahoo.com]]>
              </value>
            </param>
            <param index="1">
              <value>
                <![CDATA[xyz]]>
              </value>
            </param>
            <param index="2">
              <value>
                <![CDATA[invalid]]>
              </value>
            </param>
          </params>
          <reporter-output>
          </reporter-output>
        </test-method> <!-- loginDemo -->
        <test-method signature="loginDemo(java.lang.String,java.lang.String,java.lang.String)[pri:0, instance:testCases.TC003__DDTTest@6138e79a]" started-at="2024-12-29T18:33:06 IST" name="loginDemo" data-provider="LoginData" finished-at="2024-12-29T18:33:09 IST" duration-ms="2277" status="PASS">
          <params>
            <param index="0">
              <value>
                <![CDATA[abc123@gmail.com]]>
              </value>
            </param>
            <param index="1">
              <value>
                <![CDATA[test@123]]>
              </value>
            </param>
            <param index="2">
              <value>
                <![CDATA[valid]]>
              </value>
            </param>
          </params>
          <reporter-output>
          </reporter-output>
        </test-method> <!-- loginDemo -->
        <test-method is-config="true" signature="tearDown()[pri:0, instance:testCases.TC003__DDTTest@6138e79a]" started-at="2024-12-29T18:33:09 IST" name="tearDown" finished-at="2024-12-29T18:33:09 IST" duration-ms="629" status="PASS">
          <reporter-output>
          </reporter-output>
        </test-method> <!-- tearDown -->
      </class> <!-- testCases.TC003__DDTTest -->
    </test> <!-- Test -->
  </suite> <!-- master -->
</testng-results>
