<?xml version="1.0" encoding="UTF-8"?>
<!-- Generated by org.testng.reporters.JUnitXMLReporter -->
<testsuite ignored="0" hostname="DESKTOP-ACRI0R8" failures="0" tests="5" name="Test" time="60.29" errors="0" timestamp="2024-12-29T18:33:10 IST">
  <testcase classname="testCases.TC003__DDTTest" name="loginDemo" time="3.795"/>
  <testcase classname="testCases.TC003__DDTTest" name="loginDemo" time="11.573"/>
  <testcase classname="testCases.TC003__DDTTest" name="loginDemo" time="1.914"/>
  <testcase classname="testCases.TC003__DDTTest" name="loginDemo" time="11.491"/>
  <testcase classname="testCases.TC003__DDTTest" name="loginDemo" time="2.277"/>
</testsuite> <!-- Test -->
